app/build/intermediates/manifest_merge_blame_file/debug/manifest-merger-blame-debug-report.txt
1<?xml version="1.0" encoding="utf-8"?>
2<manifest xmlns:android="http://schemas.android.com/apk/res/android"
3    package="com.kodmay.ThaiPublicAssemblyLaw"
4    android:versionCode="7"
5    android:versionName="1.1" >
6
7    <uses-sdk
8        android:minSdkVersion="21"
8-->src/main/AndroidManifest.xml
9        android:targetSdkVersion="29" />
9-->src/main/AndroidManifest.xml
10
11    <uses-permission android:name="android.permission.INTERNET" />
11-->src/main/AndroidManifest.xml:5:5-66
11-->src/main/AndroidManifest.xml:5:22-64
12    <uses-permission android:name="android.permission.LOCATION_HARDWARE" />
12-->src/main/AndroidManifest.xml:6:5-75
12-->src/main/AndroidManifest.xml:6:22-73
13    <uses-permission android:name="android.permission.ACCESS_WIFI_STATE" />
13-->[com.amitshekhar.android:debug-db-base:1.0.6] AndroidManifest.xml:30:5-76
13-->[com.amitshekhar.android:debug-db-base:1.0.6] AndroidManifest.xml:30:22-73
14    <uses-permission android:name="com.android.vending.BILLING" />
14-->[com.android.billingclient:billing:2.0.3] AndroidManifest.xml:10:5-67
14-->[com.android.billingclient:billing:2.0.3] AndroidManifest.xml:10:22-64
15    <uses-permission android:name="android.permission.ACCESS_NETWORK_STATE" />
15-->[com.google.android.gms:play-services-ads-lite:19.3.0] AndroidManifest.xml:24:5-79
15-->[com.google.android.gms:play-services-ads-lite:19.3.0] AndroidManifest.xml:24:22-76
16    <uses-permission android:name="android.permission.WAKE_LOCK" />
16-->[com.google.android.gms:play-services-measurement-sdk-api:17.1.0] AndroidManifest.xml:25:5-68
16-->[com.google.android.gms:play-services-measurement-sdk-api:17.1.0] AndroidManifest.xml:25:22-65
17
18    <application
18-->src/main/AndroidManifest.xml:8:5-51:19
19        android:name="com.kodmay.ThaiPublicAssemblyLaw.App"
19-->src/main/AndroidManifest.xml:9:13-32
20        android:allowBackup="true"
20-->src/main/AndroidManifest.xml:10:13-39
21        android:appComponentFactory="androidx.core.app.CoreComponentFactory"
21-->[androidx.core:core:1.0.2] AndroidManifest.xml:22:18-86
22        android:debuggable="true"
23        android:icon="@mipmap/ic_launcher"
23-->src/main/AndroidManifest.xml:11:13-47
24        android:label="@string/app_name"
24-->src/main/AndroidManifest.xml:12:13-45
25        android:roundIcon="@mipmap/ic_launcher_round"
25-->src/main/AndroidManifest.xml:13:13-58
26        android:supportsRtl="true"
26-->src/main/AndroidManifest.xml:14:13-39
27        android:testOnly="true"
28        android:theme="@style/AppTheme"
28-->src/main/AndroidManifest.xml:15:13-44
29        android:usesCleartextTraffic="true" >
29-->src/main/AndroidManifest.xml:16:13-48
30        <activity android:name="com.kodmay.ThaiPublicAssemblyLaw.ui.purchase.PurchaseActivity" >
30-->src/main/AndroidManifest.xml:17:9-18:20
30-->src/main/AndroidManifest.xml:17:19-63
31        </activity>
32        <activity
32-->src/main/AndroidManifest.xml:19:9-21:55
33            android:name="com.kodmay.ThaiPublicAssemblyLaw.ui.forgotpassword.ForgotPasswordActivity"
33-->src/main/AndroidManifest.xml:20:17-73
34            android:screenOrientation="portrait" />
34-->src/main/AndroidManifest.xml:21:17-53
35        <activity
35-->src/main/AndroidManifest.xml:22:9-24:55
36            android:name="com.kodmay.ThaiPublicAssemblyLaw.ui.bookmark.BookmarkNoteActivity"
36-->src/main/AndroidManifest.xml:23:17-65
37            android:screenOrientation="portrait" />
37-->src/main/AndroidManifest.xml:24:17-53
38        <activity
38-->src/main/AndroidManifest.xml:25:9-27:55
39            android:name="com.kodmay.ThaiPublicAssemblyLaw.ui.changepassword.ChangePasswordActivity"
39-->src/main/AndroidManifest.xml:26:17-73
40            android:screenOrientation="portrait" />
40-->src/main/AndroidManifest.xml:27:17-53
41        <activity
41-->src/main/AndroidManifest.xml:28:9-30:55
42            android:name="com.kodmay.ThaiPublicAssemblyLaw.ui.lawdetail.LawDetailActivity"
42-->src/main/AndroidManifest.xml:29:17-63
43            android:screenOrientation="portrait" />
43-->src/main/AndroidManifest.xml:30:17-53
44        <activity
44-->src/main/AndroidManifest.xml:31:9-33:55
45            android:name="com.kodmay.ThaiPublicAssemblyLaw.ui.login.LoginActivity"
45-->src/main/AndroidManifest.xml:32:17-55
46            android:screenOrientation="portrait" />
46-->src/main/AndroidManifest.xml:33:17-53
47        <activity
47-->src/main/AndroidManifest.xml:34:9-36:55
48            android:name="com.kodmay.ThaiPublicAssemblyLaw.ui.register.RegisterActivity"
48-->src/main/AndroidManifest.xml:35:17-61
49            android:screenOrientation="portrait" />
49-->src/main/AndroidManifest.xml:36:17-53
50        <activity
50-->src/main/AndroidManifest.xml:37:9-45:20
51            android:name="com.kodmay.ThaiPublicAssemblyLaw.ui.main.MainActivity"
51-->src/main/AndroidManifest.xml:38:17-53
52            android:screenOrientation="portrait" >
52-->src/main/AndroidManifest.xml:39:17-53
53            <intent-filter>
53-->src/main/AndroidManifest.xml:40:13-44:29
54                <action android:name="android.intent.action.MAIN" />
54-->src/main/AndroidManifest.xml:41:17-68
54-->src/main/AndroidManifest.xml:41:25-66
55
56                <category android:name="android.intent.category.LAUNCHER" />
56-->src/main/AndroidManifest.xml:43:17-76
56-->src/main/AndroidManifest.xml:43:27-74
57            </intent-filter>
58        </activity>
59
60        <meta-data
60-->src/main/AndroidManifest.xml:47:9-49:73
61            android:name="com.google.android.gms.ads.APPLICATION_ID"
61-->src/main/AndroidManifest.xml:48:17-73
62            android:value="ca-app-pub-9875265328943795~7012557379" />
62-->src/main/AndroidManifest.xml:49:17-71
63
64        <provider
64-->[com.amitshekhar.android:debug-db:1.0.6] AndroidManifest.xml:12:9-16:40
65            android:name="com.amitshekhar.debug.DebugDBInitProvider"
65-->[com.amitshekhar.android:debug-db:1.0.6] AndroidManifest.xml:13:13-69
66            android:authorities="com.kodmay.ThaiPublicAssemblyLaw.DebugDBInitProvider"
66-->[com.amitshekhar.android:debug-db:1.0.6] AndroidManifest.xml:14:13-71
67            android:enabled="true"
67-->[com.amitshekhar.android:debug-db:1.0.6] AndroidManifest.xml:15:13-35
68            android:exported="false" />
68-->[com.amitshekhar.android:debug-db:1.0.6] AndroidManifest.xml:16:13-37
69
70        <service
70-->[androidx.room:room-runtime:2.1.0] AndroidManifest.xml:25:9-27:40
71            android:name="androidx.room.MultiInstanceInvalidationService"
71-->[androidx.room:room-runtime:2.1.0] AndroidManifest.xml:26:13-74
72            android:exported="false" />
72-->[androidx.room:room-runtime:2.1.0] AndroidManifest.xml:27:13-37
73
74        <meta-data
74-->[com.android.billingclient:billing:2.0.3] AndroidManifest.xml:13:9-15:37
75            android:name="com.google.android.play.billingclient.version"
75-->[com.android.billingclient:billing:2.0.3] AndroidManifest.xml:14:13-73
76            android:value="2.0.3" />
76-->[com.android.billingclient:billing:2.0.3] AndroidManifest.xml:15:13-34
77
78        <activity
78-->[com.android.billingclient:billing:2.0.3] AndroidManifest.xml:17:9-20:75
79            android:name="com.android.billingclient.api.ProxyBillingActivity"
79-->[com.android.billingclient:billing:2.0.3] AndroidManifest.xml:18:13-78
80            android:configChanges="keyboard|keyboardHidden|screenLayout|screenSize|orientation"
80-->[com.android.billingclient:billing:2.0.3] AndroidManifest.xml:19:13-96
81            android:theme="@android:style/Theme.Translucent.NoTitleBar" /> <!-- Include the AdActivity and InAppPurchaseActivity configChanges and themes. -->
81-->[com.android.billingclient:billing:2.0.3] AndroidManifest.xml:20:13-72
82        <activity
82-->[com.google.android.gms:play-services-ads-lite:19.3.0] AndroidManifest.xml:29:9-33:64
83            android:name="com.google.android.gms.ads.AdActivity"
83-->[com.google.android.gms:play-services-ads-lite:19.3.0] AndroidManifest.xml:30:13-65
84            android:configChanges="keyboard|keyboardHidden|orientation|screenLayout|uiMode|screenSize|smallestScreenSize"
84-->[com.google.android.gms:play-services-ads-lite:19.3.0] AndroidManifest.xml:31:13-122
85            android:exported="false"
85-->[com.google.android.gms:play-services-ads-lite:19.3.0] AndroidManifest.xml:32:13-37
86            android:theme="@android:style/Theme.Translucent" />
86-->[com.google.android.gms:play-services-ads-lite:19.3.0] AndroidManifest.xml:33:13-61
87
88        <provider
88-->[com.google.android.gms:play-services-ads-lite:19.3.0] AndroidManifest.xml:35:9-39:39
89            android:name="com.google.android.gms.ads.MobileAdsInitProvider"
89-->[com.google.android.gms:play-services-ads-lite:19.3.0] AndroidManifest.xml:36:13-76
90            android:authorities="com.kodmay.ThaiPublicAssemblyLaw.mobileadsinitprovider"
90-->[com.google.android.gms:play-services-ads-lite:19.3.0] AndroidManifest.xml:37:13-73
91            android:exported="false"
91-->[com.google.android.gms:play-services-ads-lite:19.3.0] AndroidManifest.xml:38:13-37
92            android:initOrder="100" />
92-->[com.google.android.gms:play-services-ads-lite:19.3.0] AndroidManifest.xml:39:13-36
93
94        <meta-data
94-->[com.google.android.gms:play-services-basement:17.0.0] AndroidManifest.xml:23:9-25:69
95            android:name="com.google.android.gms.version"
95-->[com.google.android.gms:play-services-basement:17.0.0] AndroidManifest.xml:24:13-58
96            android:value="@integer/google_play_services_version" />
96-->[com.google.android.gms:play-services-basement:17.0.0] AndroidManifest.xml:25:13-66
97
98        <provider
98-->[androidx.lifecycle:lifecycle-process:2.0.0] AndroidManifest.xml:23:9-27:43
99            android:name="androidx.lifecycle.ProcessLifecycleOwnerInitializer"
99-->[androidx.lifecycle:lifecycle-process:2.0.0] AndroidManifest.xml:24:13-79
100            android:authorities="com.kodmay.ThaiPublicAssemblyLaw.lifecycle-process"
100-->[androidx.lifecycle:lifecycle-process:2.0.0] AndroidManifest.xml:25:13-69
101            android:exported="false"
101-->[androidx.lifecycle:lifecycle-process:2.0.0] AndroidManifest.xml:26:13-37
102            android:multiprocess="true" />
102-->[androidx.lifecycle:lifecycle-process:2.0.0] AndroidManifest.xml:27:13-40
103    </application>
104
105</manifest>